# JRE version: OpenJDK Runtime Environment Temurin-17.0.8.1+1 (17.0.8.1+1) (build 17.0.8.1+1)
# Java VM: OpenJDK 64-Bit Server VM Temurin-17.0.8.1+1 (17.0.8.1+1, mixed mode, tiered, compressed oops, compressed class ptrs, parallel gc, windows-amd64)
GC Precious Log:
 CPUs: 8 total, 8 available
 Memory: 7926M
 Large Page Support: Disabled
 NUMA Support: Disabled
 Compressed Oops: Enabled (32-bit)
 Alignments: Space 512K, Generation 512K, Heap 2M
 Heap Min Capacity: 100M
 Heap Initial Capacity: 100M
 Heap Max Capacity: 1G
 Pre-touch: Disabled
 Parallel Workers: 8
Heap:
 PSYoungGen      total 3584K, used 3166K [0x00000000eab00000, 0x00000000eb000000, 0x0000000100000000)
  eden space 2048K, 95% used [0x00000000eab00000,0x00000000eace7bd0,0x00000000ead00000)
  from space 1536K, 79% used [0x00000000eae80000,0x00000000eafb0000,0x00000000eb000000)
  to   space 1536K, 0% used [0x00000000ead00000,0x00000000ead00000,0x00000000eae80000)
 ParOldGen       total 361984K, used 344181K [0x00000000c0000000, 0x00000000d6180000, 0x00000000eab00000)
  object space 361984K, 95% used [0x00000000c0000000,0x00000000d501d420,0x00000000d6180000)
 Metaspace       used 66895K, committed 67968K, reserved 1114112K
  class space    used 8071K, committed 8576K, reserved 1048576K
GC Heap History (20 events):
Event: 37.930 GC heap before
{Heap before GC invocations=137 (full 9):
 PSYoungGen      total 6144K, used 5664K [0x00000000eab00000, 0x00000000eb600000, 0x0000000100000000)
  eden space 3072K, 96% used [0x00000000eab00000,0x00000000eade5728,0x00000000eae00000)
  from space 3072K, 87% used [0x00000000eb300000,0x00000000eb5a2a70,0x00000000eb600000)
  to   space 3584K, 0% used [0x00000000eaf00000,0x00000000eaf00000,0x00000000eb280000)
 ParOldGen       total 361984K, used 331421K [0x00000000c0000000, 0x00000000d6180000, 0x00000000eab00000)
  object space 361984K, 91% used [0x00000000c0000000,0x00000000d43a7510,0x00000000d6180000)
 Metaspace       used 66802K, committed 67840K, reserved 1114112K
  class space    used 8071K, committed 8576K, reserved 1048576K
}
Event: 37.942 GC heap after
{Heap after GC invocations=137 (full 9):
 PSYoungGen      total 7168K, used 3075K [0x00000000eab00000, 0x00000000eb580000, 0x0000000100000000)
  eden space 3584K, 0% used [0x00000000eab00000,0x00000000eab00000,0x00000000eae80000)
  from space 3584K, 85% used [0x00000000eaf00000,0x00000000eb200f10,0x00000000eb280000)
  to   space 3072K, 0% used [0x00000000eb280000,0x00000000eb280000,0x00000000eb580000)
 ParOldGen       total 361984K, used 333989K [0x00000000c0000000, 0x00000000d6180000, 0x00000000eab00000)
  object space 361984K, 92% used [0x00000000c0000000,0x00000000d4629428,0x00000000d6180000)
 Metaspace       used 66802K, committed 67840K, reserved 1114112K
  class space    used 8071K, committed 8576K, reserved 1048576K
}
Event: 38.074 GC heap before
{Heap before GC invocations=138 (full 9):
 PSYoungGen      total 7168K, used 6659K [0x00000000eab00000, 0x00000000eb580000, 0x0000000100000000)
  eden space 3584K, 100% used [0x00000000eab00000,0x00000000eae80000,0x00000000eae80000)
  from space 3584K, 85% used [0x00000000eaf00000,0x00000000eb200f10,0x00000000eb280000)
  to   space 3072K, 0% used [0x00000000eb280000,0x00000000eb280000,0x00000000eb580000)
 ParOldGen       total 361984K, used 333989K [0x00000000c0000000, 0x00000000d6180000, 0x00000000eab00000)
  object space 361984K, 92% used [0x00000000c0000000,0x00000000d4629428,0x00000000d6180000)
 Metaspace       used 66824K, committed 67904K, reserved 1114112K
  class space    used 8071K, committed 8576K, reserved 1048576K
}
Event: 38.107 GC heap after
{Heap after GC invocations=138 (full 9):
 PSYoungGen      total 3584K, used 3071K [0x00000000eab00000, 0x00000000ebd80000, 0x0000000100000000)
  eden space 512K, 0% used [0x00000000eab00000,0x00000000eab00000,0x00000000eab80000)
  from space 3072K, 99% used [0x00000000eb280000,0x00000000eb57fcc0,0x00000000eb580000)
  to   space 7168K, 0% used [0x00000000eab80000,0x00000000eab80000,0x00000000eb280000)
 ParOldGen       total 361984K, used 337391K [0x00000000c0000000, 0x00000000d6180000, 0x00000000eab00000)
  object space 361984K, 93% used [0x00000000c0000000,0x00000000d497bd10,0x00000000d6180000)
 Metaspace       used 66824K, committed 67904K, reserved 1114112K
  class space    used 8071K, committed 8576K, reserved 1048576K
}
Event: 38.449 GC heap before
{Heap before GC invocations=139 (full 9):
 PSYoungGen      total 3584K, used 3576K [0x00000000eab00000, 0x00000000ebd80000, 0x0000000100000000)
  eden space 512K, 98% used [0x00000000eab00000,0x00000000eab7e728,0x00000000eab80000)
  from space 3072K, 99% used [0x00000000eb280000,0x00000000eb57fcc0,0x00000000eb580000)
  to   space 7168K, 0% used [0x00000000eab80000,0x00000000eab80000,0x00000000eb280000)
 ParOldGen       total 361984K, used 337391K [0x00000000c0000000, 0x00000000d6180000, 0x00000000eab00000)
  object space 361984K, 93% used [0x00000000c0000000,0x00000000d497bd10,0x00000000d6180000)
 Metaspace       used 66824K, committed 67904K, reserved 1114112K
  class space    used 8071K, committed 8576K, reserved 1048576K
}
Event: 38.477 GC heap after
{Heap after GC invocations=139 (full 9):
 PSYoungGen      total 1024K, used 512K [0x00000000eab00000, 0x00000000eb300000, 0x0000000100000000)
  eden space 512K, 0% used [0x00000000eab00000,0x00000000eab00000,0x00000000eab80000)
  from space 512K, 100% used [0x00000000eab80000,0x00000000eac00000,0x00000000eac00000)
  to   space 3072K, 0% used [0x00000000eb000000,0x00000000eb000000,0x00000000eb300000)
 ParOldGen       total 361984K, used 340461K [0x00000000c0000000, 0x00000000d6180000, 0x00000000eab00000)
  object space 361984K, 94% used [0x00000000c0000000,0x00000000d4c7b420,0x00000000d6180000)
 Metaspace       used 66824K, committed 67904K, reserved 1114112K
  class space    used 8071K, committed 8576K, reserved 1048576K
}
Event: 38.600 GC heap before
{Heap before GC invocations=140 (full 9):
 PSYoungGen      total 1024K, used 962K [0x00000000eab00000, 0x00000000eb300000, 0x0000000100000000)
  eden space 512K, 88% used [0x00000000eab00000,0x00000000eab70b98,0x00000000eab80000)
  from space 512K, 100% used [0x00000000eab80000,0x00000000eac00000,0x00000000eac00000)
  to   space 3072K, 0% used [0x00000000eb000000,0x00000000eb000000,0x00000000eb300000)
 ParOldGen       total 361984K, used 340461K [0x00000000c0000000, 0x00000000d6180000, 0x00000000eab00000)
  object space 361984K, 94% used [0x00000000c0000000,0x00000000d4c7b420,0x00000000d6180000)
 Metaspace       used 66824K, committed 67904K, reserved 1114112K
  class space    used 8071K, committed 8576K, reserved 1048576K
}
Event: 38.610 GC heap after
{Heap after GC invocations=140 (full 9):
 PSYoungGen      total 1536K, used 352K [0x00000000eab00000, 0x00000000eb080000, 0x0000000100000000)
  eden space 1024K, 0% used [0x00000000eab00000,0x00000000eab00000,0x00000000eac00000)
  from space 512K, 68% used [0x00000000eb000000,0x00000000eb058000,0x00000000eb080000)
  to   space 1024K, 0% used [0x00000000eae80000,0x00000000eae80000,0x00000000eaf80000)
 ParOldGen       total 361984K, used 340813K [0x00000000c0000000, 0x00000000d6180000, 0x00000000eab00000)
  object space 361984K, 94% used [0x00000000c0000000,0x00000000d4cd3420,0x00000000d6180000)
 Metaspace       used 66824K, committed 67904K, reserved 1114112K
  class space    used 8071K, committed 8576K, reserved 1048576K
}
Event: 38.653 GC heap before
{Heap before GC invocations=141 (full 9):
 PSYoungGen      total 1536K, used 1376K [0x00000000eab00000, 0x00000000eb080000, 0x0000000100000000)
  eden space 1024K, 100% used [0x00000000eab00000,0x00000000eac00000,0x00000000eac00000)
  from space 512K, 68% used [0x00000000eb000000,0x00000000eb058000,0x00000000eb080000)
  to   space 1024K, 0% used [0x00000000eae80000,0x00000000eae80000,0x00000000eaf80000)
 ParOldGen       total 361984K, used 340813K [0x00000000c0000000, 0x00000000d6180000, 0x00000000eab00000)
  object space 361984K, 94% used [0x00000000c0000000,0x00000000d4cd3420,0x00000000d6180000)
 Metaspace       used 66824K, committed 67904K, reserved 1114112K
  class space    used 8071K, committed 8576K, reserved 1048576K
}
Event: 38.660 GC heap after
{Heap after GC invocations=141 (full 9):
 PSYoungGen      total 2560K, used 1024K [0x00000000eab00000, 0x00000000eb080000, 0x0000000100000000)
  eden space 1536K, 0% used [0x00000000eab00000,0x00000000eab00000,0x00000000eac80000)
  from space 1024K, 100% used [0x00000000eae80000,0x00000000eaf80000,0x00000000eaf80000)
  to   space 1024K, 0% used [0x00000000eaf80000,0x00000000eaf80000,0x00000000eb080000)
 ParOldGen       total 361984K, used 340813K [0x00000000c0000000, 0x00000000d6180000, 0x00000000eab00000)
  object space 361984K, 94% used [0x00000000c0000000,0x00000000d4cd3420,0x00000000d6180000)
 Metaspace       used 66824K, committed 67904K, reserved 1114112K
  class space    used 8071K, committed 8576K, reserved 1048576K
}
Event: 38.727 GC heap before
{Heap before GC invocations=142 (full 9):
 PSYoungGen      total 2560K, used 2560K [0x00000000eab00000, 0x00000000eb080000, 0x0000000100000000)
  eden space 1536K, 100% used [0x00000000eab00000,0x00000000eac80000,0x00000000eac80000)
  from space 1024K, 100% used [0x00000000eae80000,0x00000000eaf80000,0x00000000eaf80000)
  to   space 1024K, 0% used [0x00000000eaf80000,0x00000000eaf80000,0x00000000eb080000)
 ParOldGen       total 361984K, used 340813K [0x00000000c0000000, 0x00000000d6180000, 0x00000000eab00000)
  object space 361984K, 94% used [0x00000000c0000000,0x00000000d4cd3420,0x00000000d6180000)
 Metaspace       used 66824K, committed 67904K, reserved 1114112K
  class space    used 8071K, committed 8576K, reserved 1048576K
}
Event: 38.739 GC heap after
{Heap after GC invocations=142 (full 9):
 PSYoungGen      total 3072K, used 1024K [0x00000000eab00000, 0x00000000eb100000, 0x0000000100000000)
  eden space 2048K, 0% used [0x00000000eab00000,0x00000000eab00000,0x00000000ead00000)
  from space 1024K, 100% used [0x00000000eaf80000,0x00000000eb080000,0x00000000eb080000)
  to   space 2048K, 0% used [0x00000000ead00000,0x00000000ead00000,0x00000000eaf00000)
 ParOldGen       total 361984K, used 341629K [0x00000000c0000000, 0x00000000d6180000, 0x00000000eab00000)
  object space 361984K, 94% used [0x00000000c0000000,0x00000000d4d9f420,0x00000000d6180000)
 Metaspace       used 66824K, committed 67904K, reserved 1114112K
  class space    used 8071K, committed 8576K, reserved 1048576K
}
Event: 39.065 GC heap before
{Heap before GC invocations=143 (full 9):
 PSYoungGen      total 3072K, used 3072K [0x00000000eab00000, 0x00000000eb100000, 0x0000000100000000)
  eden space 2048K, 100% used [0x00000000eab00000,0x00000000ead00000,0x00000000ead00000)
  from space 1024K, 100% used [0x00000000eaf80000,0x00000000eb080000,0x00000000eb080000)
  to   space 2048K, 0% used [0x00000000ead00000,0x00000000ead00000,0x00000000eaf00000)
 ParOldGen       total 361984K, used 341629K [0x00000000c0000000, 0x00000000d6180000, 0x00000000eab00000)
  object space 361984K, 94% used [0x00000000c0000000,0x00000000d4d9f420,0x00000000d6180000)
 Metaspace       used 66824K, committed 67904K, reserved 1114112K
  class space    used 8071K, committed 8576K, reserved 1048576K
}
Event: 39.079 GC heap after
{Heap after GC invocations=143 (full 9):
 PSYoungGen      total 4096K, used 1792K [0x00000000eab00000, 0x00000000eb180000, 0x0000000100000000)
  eden space 2048K, 0% used [0x00000000eab00000,0x00000000eab00000,0x00000000ead00000)
  from space 2048K, 87% used [0x00000000ead00000,0x00000000eaec0000,0x00000000eaf00000)
  to   space 2048K, 0% used [0x00000000eaf80000,0x00000000eaf80000,0x00000000eb180000)
 ParOldGen       total 361984K, used 342421K [0x00000000c0000000, 0x00000000d6180000, 0x00000000eab00000)
  object space 361984K, 94% used [0x00000000c0000000,0x00000000d4e65420,0x00000000d6180000)
 Metaspace       used 66824K, committed 67904K, reserved 1114112K
  class space    used 8071K, committed 8576K, reserved 1048576K
}
Event: 41.096 GC heap before
{Heap before GC invocations=144 (full 9):
 PSYoungGen      total 4096K, used 3839K [0x00000000eab00000, 0x00000000eb180000, 0x0000000100000000)
  eden space 2048K, 99% used [0x00000000eab00000,0x00000000eacffff8,0x00000000ead00000)
  from space 2048K, 87% used [0x00000000ead00000,0x00000000eaec0000,0x00000000eaf00000)
  to   space 2048K, 0% used [0x00000000eaf80000,0x00000000eaf80000,0x00000000eb180000)
 ParOldGen       total 361984K, used 342421K [0x00000000c0000000, 0x00000000d6180000, 0x00000000eab00000)
  object space 361984K, 94% used [0x00000000c0000000,0x00000000d4e65420,0x00000000d6180000)
 Metaspace       used 66831K, committed 67904K, reserved 1114112K
  class space    used 8071K, committed 8576K, reserved 1048576K
}
Event: 41.106 GC heap after
{Heap after GC invocations=144 (full 9):
 PSYoungGen      total 4096K, used 2048K [0x00000000eab00000, 0x00000000eb280000, 0x0000000100000000)
  eden space 2048K, 0% used [0x00000000eab00000,0x00000000eab00000,0x00000000ead00000)
  from space 2048K, 100% used [0x00000000eaf80000,0x00000000eb180000,0x00000000eb180000)
  to   space 2560K, 0% used [0x00000000ead00000,0x00000000ead00000,0x00000000eaf80000)
 ParOldGen       total 361984K, used 342645K [0x00000000c0000000, 0x00000000d6180000, 0x00000000eab00000)
  object space 361984K, 94% used [0x00000000c0000000,0x00000000d4e9d420,0x00000000d6180000)
 Metaspace       used 66831K, committed 67904K, reserved 1114112K
  class space    used 8071K, committed 8576K, reserved 1048576K
}
Event: 41.308 GC heap before
{Heap before GC invocations=145 (full 9):
 PSYoungGen      total 4096K, used 4096K [0x00000000eab00000, 0x00000000eb280000, 0x0000000100000000)
  eden space 2048K, 100% used [0x00000000eab00000,0x00000000ead00000,0x00000000ead00000)
  from space 2048K, 100% used [0x00000000eaf80000,0x00000000eb180000,0x00000000eb180000)
  to   space 2560K, 0% used [0x00000000ead00000,0x00000000ead00000,0x00000000eaf80000)
 ParOldGen       total 361984K, used 342645K [0x00000000c0000000, 0x00000000d6180000, 0x00000000eab00000)
  object space 361984K, 94% used [0x00000000c0000000,0x00000000d4e9d420,0x00000000d6180000)
 Metaspace       used 66892K, committed 67968K, reserved 1114112K
  class space    used 8071K, committed 8576K, reserved 1048576K
}
Event: 41.315 GC heap after
{Heap after GC invocations=145 (full 9):
 PSYoungGen      total 3072K, used 704K [0x00000000eab00000, 0x00000000eb000000, 0x0000000100000000)
  eden space 2048K, 0% used [0x00000000eab00000,0x00000000eab00000,0x00000000ead00000)
  from space 1024K, 68% used [0x00000000ead00000,0x00000000eadb0000,0x00000000eae00000)
  to   space 1536K, 0% used [0x00000000eae80000,0x00000000eae80000,0x00000000eb000000)
 ParOldGen       total 361984K, used 344173K [0x00000000c0000000, 0x00000000d6180000, 0x00000000eab00000)
  object space 361984K, 95% used [0x00000000c0000000,0x00000000d501b420,0x00000000d6180000)
 Metaspace       used 66892K, committed 67968K, reserved 1114112K
  class space    used 8071K, committed 8576K, reserved 1048576K
}
Event: 41.444 GC heap before
{Heap before GC invocations=146 (full 9):
 PSYoungGen      total 3072K, used 2751K [0x00000000eab00000, 0x00000000eb000000, 0x0000000100000000)
  eden space 2048K, 99% used [0x00000000eab00000,0x00000000eacfffc8,0x00000000ead00000)
  from space 1024K, 68% used [0x00000000ead00000,0x00000000eadb0000,0x00000000eae00000)
  to   space 1536K, 0% used [0x00000000eae80000,0x00000000eae80000,0x00000000eb000000)
 ParOldGen       total 361984K, used 344173K [0x00000000c0000000, 0x00000000d6180000, 0x00000000eab00000)
  object space 361984K, 95% used [0x00000000c0000000,0x00000000d501b420,0x00000000d6180000)
 Metaspace       used 66894K, committed 67968K, reserved 1114112K
  class space    used 8071K, committed 8576K, reserved 1048576K
}
Event: 41.451 GC heap after
{Heap after GC invocations=146 (full 9):
 PSYoungGen      total 3584K, used 1216K [0x00000000eab00000, 0x00000000eb000000, 0x0000000100000000)
  eden space 2048K, 0% used [0x00000000eab00000,0x00000000eab00000,0x00000000ead00000)
  from space 1536K, 79% used [0x00000000eae80000,0x00000000eafb0000,0x00000000eb000000)
  to   space 1536K, 0% used [0x00000000ead00000,0x00000000ead00000,0x00000000eae80000)
 ParOldGen       total 361984K, used 344181K [0x00000000c0000000, 0x00000000d6180000, 0x00000000eab00000)
  object space 361984K, 95% used [0x00000000c0000000,0x00000000d501d420,0x00000000d6180000)
 Metaspace       used 66894K, committed 67968K, reserved 1114112K
  class space    used 8071K, committed 8576K, reserved 1048576K
}

