# JRE version: OpenJDK Runtime Environment Temurin-17.0.8.1+1 (17.0.8.1+1) (build 17.0.8.1+1)
# Java VM: OpenJDK 64-Bit Server VM Temurin-17.0.8.1+1 (17.0.8.1+1, mixed mode, tiered, compressed oops, compressed class ptrs, g1 gc, windows-amd64)
GC Precious Log:
 CPUs: 8 total, 8 available
 Memory: 7926M
 Large Page Support: Disabled
 NUMA Support: Disabled
 Compressed Oops: Enabled (32-bit)
 Heap Region Size: 1M
 Heap Min Capacity: 8M
 Heap Initial Capacity: 124M
 Heap Max Capacity: 1536M
 Pre-touch: Disabled
 Parallel Workers: 8
 Concurrent Workers: 2
 Concurrent Refinement Workers: 8
 Periodic GC: Disabled
Heap:
 garbage-first heap   total 327680K, used 269956K [0x00000000a0000000, 0x0000000100000000)
  region size 1024K, 15 young (15360K), 1 survivors (1024K)
 Metaspace       used 103383K, committed 104896K, reserved 1179648K
  class space    used 13708K, committed 14400K, reserved 1048576K
GC Heap History (20 events):
Event: 50.210 GC heap before
{Heap before GC invocations=64 (full 0):
 garbage-first heap   total 275456K, used 237118K [0x00000000a0000000, 0x0000000100000000)
  region size 1024K, 28 young (28672K), 4 survivors (4096K)
 Metaspace       used 102554K, committed 104000K, reserved 1179648K
  class space    used 13652K, committed 14336K, reserved 1048576K
}
Event: 50.218 GC heap after
{Heap after GC invocations=65 (full 0):
 garbage-first heap   total 275456K, used 215930K [0x00000000a0000000, 0x0000000100000000)
  region size 1024K, 4 young (4096K), 4 survivors (4096K)
 Metaspace       used 102554K, committed 104000K, reserved 1179648K
  class space    used 13652K, committed 14336K, reserved 1048576K
}
Event: 50.432 GC heap before
{Heap before GC invocations=65 (full 0):
 garbage-first heap   total 275456K, used 237434K [0x00000000a0000000, 0x0000000100000000)
  region size 1024K, 26 young (26624K), 4 survivors (4096K)
 Metaspace       used 102647K, committed 104064K, reserved 1179648K
  class space    used 13664K, committed 14336K, reserved 1048576K
}
Event: 50.439 GC heap after
{Heap after GC invocations=66 (full 0):
 garbage-first heap   total 327680K, used 219214K [0x00000000a0000000, 0x0000000100000000)
  region size 1024K, 4 young (4096K), 4 survivors (4096K)
 Metaspace       used 102647K, committed 104064K, reserved 1179648K
  class space    used 13664K, committed 14336K, reserved 1048576K
}
Event: 52.318 GC heap before
{Heap before GC invocations=66 (full 0):
 garbage-first heap   total 327680K, used 270414K [0x00000000a0000000, 0x0000000100000000)
  region size 1024K, 55 young (56320K), 4 survivors (4096K)
 Metaspace       used 102772K, committed 104256K, reserved 1179648K
  class space    used 13670K, committed 14336K, reserved 1048576K
}
Event: 52.327 GC heap after
{Heap after GC invocations=67 (full 0):
 garbage-first heap   total 327680K, used 224125K [0x00000000a0000000, 0x0000000100000000)
  region size 1024K, 5 young (5120K), 5 survivors (5120K)
 Metaspace       used 102772K, committed 104256K, reserved 1179648K
  class space    used 13670K, committed 14336K, reserved 1048576K
}
Event: 52.713 GC heap before
{Heap before GC invocations=67 (full 0):
 garbage-first heap   total 327680K, used 274301K [0x00000000a0000000, 0x0000000100000000)
  region size 1024K, 54 young (55296K), 5 survivors (5120K)
 Metaspace       used 102849K, committed 104320K, reserved 1179648K
  class space    used 13670K, committed 14336K, reserved 1048576K
}
Event: 52.725 GC heap after
{Heap after GC invocations=68 (full 0):
 garbage-first heap   total 327680K, used 231773K [0x00000000a0000000, 0x0000000100000000)
  region size 1024K, 7 young (7168K), 7 survivors (7168K)
 Metaspace       used 102849K, committed 104320K, reserved 1179648K
  class space    used 13670K, committed 14336K, reserved 1048576K
}
Event: 52.966 GC heap before
{Heap before GC invocations=68 (full 0):
 garbage-first heap   total 327680K, used 275805K [0x00000000a0000000, 0x0000000100000000)
  region size 1024K, 50 young (51200K), 7 survivors (7168K)
 Metaspace       used 102882K, committed 104320K, reserved 1179648K
  class space    used 13671K, committed 14336K, reserved 1048576K
}
Event: 52.976 GC heap after
{Heap after GC invocations=69 (full 0):
 garbage-first heap   total 327680K, used 234706K [0x00000000a0000000, 0x0000000100000000)
  region size 1024K, 4 young (4096K), 4 survivors (4096K)
 Metaspace       used 102882K, committed 104320K, reserved 1179648K
  class space    used 13671K, committed 14336K, reserved 1048576K
}
Event: 53.320 GC heap before
{Heap before GC invocations=69 (full 0):
 garbage-first heap   total 327680K, used 277714K [0x00000000a0000000, 0x0000000100000000)
  region size 1024K, 47 young (48128K), 4 survivors (4096K)
 Metaspace       used 102939K, committed 104384K, reserved 1179648K
  class space    used 13672K, committed 14336K, reserved 1048576K
}
Event: 53.331 GC heap after
{Heap after GC invocations=70 (full 0):
 garbage-first heap   total 327680K, used 241517K [0x00000000a0000000, 0x0000000100000000)
  region size 1024K, 6 young (6144K), 6 survivors (6144K)
 Metaspace       used 102939K, committed 104384K, reserved 1179648K
  class space    used 13672K, committed 14336K, reserved 1048576K
}
Event: 53.605 GC heap before
{Heap before GC invocations=70 (full 0):
 garbage-first heap   total 327680K, used 279405K [0x00000000a0000000, 0x0000000100000000)
  region size 1024K, 43 young (44032K), 6 survivors (6144K)
 Metaspace       used 103002K, committed 104448K, reserved 1179648K
  class space    used 13677K, committed 14336K, reserved 1048576K
}
Event: 53.617 GC heap after
{Heap after GC invocations=71 (full 0):
 garbage-first heap   total 327680K, used 247768K [0x00000000a0000000, 0x0000000100000000)
  region size 1024K, 6 young (6144K), 6 survivors (6144K)
 Metaspace       used 103002K, committed 104448K, reserved 1179648K
  class space    used 13677K, committed 14336K, reserved 1048576K
}
Event: 53.871 GC heap before
{Heap before GC invocations=71 (full 0):
 garbage-first heap   total 327680K, used 280536K [0x00000000a0000000, 0x0000000100000000)
  region size 1024K, 38 young (38912K), 6 survivors (6144K)
 Metaspace       used 103050K, committed 104448K, reserved 1179648K
  class space    used 13678K, committed 14336K, reserved 1048576K
}
Event: 53.880 GC heap after
{Heap after GC invocations=72 (full 0):
 garbage-first heap   total 327680K, used 253343K [0x00000000a0000000, 0x0000000100000000)
  region size 1024K, 5 young (5120K), 5 survivors (5120K)
 Metaspace       used 103050K, committed 104448K, reserved 1179648K
  class space    used 13678K, committed 14336K, reserved 1048576K
}
Event: 54.166 GC heap before
{Heap before GC invocations=72 (full 0):
 garbage-first heap   total 327680K, used 279967K [0x00000000a0000000, 0x0000000100000000)
  region size 1024K, 32 young (32768K), 5 survivors (5120K)
 Metaspace       used 103078K, committed 104512K, reserved 1179648K
  class space    used 13679K, committed 14336K, reserved 1048576K
}
Event: 54.174 GC heap after
{Heap after GC invocations=73 (full 0):
 garbage-first heap   total 327680K, used 257261K [0x00000000a0000000, 0x0000000100000000)
  region size 1024K, 4 young (4096K), 4 survivors (4096K)
 Metaspace       used 103078K, committed 104512K, reserved 1179648K
  class space    used 13679K, committed 14336K, reserved 1048576K
}
Event: 780.932 GC heap before
{Heap before GC invocations=73 (full 0):
 garbage-first heap   total 327680K, used 281837K [0x00000000a0000000, 0x0000000100000000)
  region size 1024K, 29 young (29696K), 4 survivors (4096K)
 Metaspace       used 103208K, committed 104704K, reserved 1179648K
  class space    used 13681K, committed 14336K, reserved 1048576K
}
Event: 780.939 GC heap after
{Heap after GC invocations=74 (full 0):
 garbage-first heap   total 327680K, used 257668K [0x00000000a0000000, 0x0000000100000000)
  region size 1024K, 1 young (1024K), 1 survivors (1024K)
 Metaspace       used 103208K, committed 104704K, reserved 1179648K
  class space    used 13681K, committed 14336K, reserved 1048576K
}

