# JRE version: OpenJDK Runtime Environment Temurin-17.0.8.1+1 (17.0.8.1+1) (build 17.0.8.1+1)
# Java VM: OpenJDK 64-Bit Server VM Temurin-17.0.8.1+1 (17.0.8.1+1, mixed mode, tiered, compressed oops, compressed class ptrs, parallel gc, windows-amd64)
GC Precious Log:
 CPUs: 8 total, 8 available
 Memory: 7926M
 Large Page Support: Disabled
 NUMA Support: Disabled
 Compressed Oops: Enabled (32-bit)
 Alignments: Space 512K, Generation 512K, Heap 2M
 Heap Min Capacity: 100M
 Heap Initial Capacity: 100M
 Heap Max Capacity: 1G
 Pre-touch: Disabled
 Parallel Workers: 8
Heap:
 PSYoungGen      total 15872K, used 9669K [0x00000000eab00000, 0x00000000ec380000, 0x0000000100000000)
  eden space 10752K, 42% used [0x00000000eab00000,0x00000000eaf719d0,0x00000000eb580000)
  from space 5120K, 99% used [0x00000000eb600000,0x00000000ebaffb60,0x00000000ebb00000)
  to   space 7168K, 0% used [0x00000000ebc80000,0x00000000ebc80000,0x00000000ec380000)
 ParOldGen       total 117248K, used 97314K [0x00000000c0000000, 0x00000000c7280000, 0x00000000eab00000)
  object space 117248K, 82% used [0x00000000c0000000,0x00000000c5f08b40,0x00000000c7280000)
 Metaspace       used 66761K, committed 67840K, reserved 1114112K
  class space    used 8082K, committed 8512K, reserved 1048576K
GC Heap History (20 events):
Event: 31.968 GC heap before
{Heap before GC invocations=61 (full 4):
 PSYoungGen      total 13824K, used 13821K [0x00000000eab00000, 0x00000000ec080000, 0x0000000100000000)
  eden space 10752K, 100% used [0x00000000eab00000,0x00000000eb580000,0x00000000eb580000)
  from space 3072K, 99% used [0x00000000eb600000,0x00000000eb8ff640,0x00000000eb900000)
  to   space 5632K, 0% used [0x00000000ebb00000,0x00000000ebb00000,0x00000000ec080000)
 ParOldGen       total 94720K, used 83516K [0x00000000c0000000, 0x00000000c5c80000, 0x00000000eab00000)
  object space 94720K, 88% used [0x00000000c0000000,0x00000000c518f108,0x00000000c5c80000)
 Metaspace       used 66691K, committed 67712K, reserved 1114112K
  class space    used 8077K, committed 8512K, reserved 1048576K
}
Event: 31.971 GC heap after
{Heap after GC invocations=61 (full 4):
 PSYoungGen      total 13312K, used 2307K [0x00000000eab00000, 0x00000000ebd80000, 0x0000000100000000)
  eden space 10752K, 0% used [0x00000000eab00000,0x00000000eab00000,0x00000000eb580000)
  from space 2560K, 90% used [0x00000000ebb00000,0x00000000ebd40c70,0x00000000ebd80000)
  to   space 3584K, 0% used [0x00000000eb680000,0x00000000eb680000,0x00000000eba00000)
 ParOldGen       total 94720K, used 86539K [0x00000000c0000000, 0x00000000c5c80000, 0x00000000eab00000)
  object space 94720K, 91% used [0x00000000c0000000,0x00000000c5482ff8,0x00000000c5c80000)
 Metaspace       used 66691K, committed 67712K, reserved 1114112K
  class space    used 8077K, committed 8512K, reserved 1048576K
}
Event: 32.183 GC heap before
{Heap before GC invocations=62 (full 4):
 PSYoungGen      total 13312K, used 13059K [0x00000000eab00000, 0x00000000ebd80000, 0x0000000100000000)
  eden space 10752K, 100% used [0x00000000eab00000,0x00000000eb580000,0x00000000eb580000)
  from space 2560K, 90% used [0x00000000ebb00000,0x00000000ebd40c70,0x00000000ebd80000)
  to   space 3584K, 0% used [0x00000000eb680000,0x00000000eb680000,0x00000000eba00000)
 ParOldGen       total 94720K, used 86539K [0x00000000c0000000, 0x00000000c5c80000, 0x00000000eab00000)
  object space 94720K, 91% used [0x00000000c0000000,0x00000000c5482ff8,0x00000000c5c80000)
 Metaspace       used 66691K, committed 67712K, reserved 1114112K
  class space    used 8077K, committed 8512K, reserved 1048576K
}
Event: 32.186 GC heap after
{Heap after GC invocations=62 (full 4):
 PSYoungGen      total 14336K, used 3554K [0x00000000eab00000, 0x00000000ec080000, 0x0000000100000000)
  eden space 10752K, 0% used [0x00000000eab00000,0x00000000eab00000,0x00000000eb580000)
  from space 3584K, 99% used [0x00000000eb680000,0x00000000eb9f89f8,0x00000000eba00000)
  to   space 5632K, 0% used [0x00000000ebb00000,0x00000000ebb00000,0x00000000ec080000)
 ParOldGen       total 94720K, used 87880K [0x00000000c0000000, 0x00000000c5c80000, 0x00000000eab00000)
  object space 94720K, 92% used [0x00000000c0000000,0x00000000c55d2290,0x00000000c5c80000)
 Metaspace       used 66691K, committed 67712K, reserved 1114112K
  class space    used 8077K, committed 8512K, reserved 1048576K
}
Event: 32.408 GC heap before
{Heap before GC invocations=63 (full 4):
 PSYoungGen      total 14336K, used 14306K [0x00000000eab00000, 0x00000000ec080000, 0x0000000100000000)
  eden space 10752K, 100% used [0x00000000eab00000,0x00000000eb580000,0x00000000eb580000)
  from space 3584K, 99% used [0x00000000eb680000,0x00000000eb9f89f8,0x00000000eba00000)
  to   space 5632K, 0% used [0x00000000ebb00000,0x00000000ebb00000,0x00000000ec080000)
 ParOldGen       total 94720K, used 87880K [0x00000000c0000000, 0x00000000c5c80000, 0x00000000eab00000)
  object space 94720K, 92% used [0x00000000c0000000,0x00000000c55d2290,0x00000000c5c80000)
 Metaspace       used 66715K, committed 67712K, reserved 1114112K
  class space    used 8082K, committed 8512K, reserved 1048576K
}
Event: 32.414 GC heap after
{Heap after GC invocations=63 (full 4):
 PSYoungGen      total 13312K, used 2370K [0x00000000eab00000, 0x00000000ebd80000, 0x0000000100000000)
  eden space 10752K, 0% used [0x00000000eab00000,0x00000000eab00000,0x00000000eb580000)
  from space 2560K, 92% used [0x00000000ebb00000,0x00000000ebd50ae0,0x00000000ebd80000)
  to   space 3584K, 0% used [0x00000000eb680000,0x00000000eb680000,0x00000000eba00000)
 ParOldGen       total 94720K, used 91394K [0x00000000c0000000, 0x00000000c5c80000, 0x00000000eab00000)
  object space 94720K, 96% used [0x00000000c0000000,0x00000000c5940b88,0x00000000c5c80000)
 Metaspace       used 66715K, committed 67712K, reserved 1114112K
  class space    used 8082K, committed 8512K, reserved 1048576K
}
Event: 32.414 GC heap before
{Heap before GC invocations=64 (full 5):
 PSYoungGen      total 13312K, used 2370K [0x00000000eab00000, 0x00000000ebd80000, 0x0000000100000000)
  eden space 10752K, 0% used [0x00000000eab00000,0x00000000eab00000,0x00000000eb580000)
  from space 2560K, 92% used [0x00000000ebb00000,0x00000000ebd50ae0,0x00000000ebd80000)
  to   space 3584K, 0% used [0x00000000eb680000,0x00000000eb680000,0x00000000eba00000)
 ParOldGen       total 94720K, used 91394K [0x00000000c0000000, 0x00000000c5c80000, 0x00000000eab00000)
  object space 94720K, 96% used [0x00000000c0000000,0x00000000c5940b88,0x00000000c5c80000)
 Metaspace       used 66715K, committed 67712K, reserved 1114112K
  class space    used 8082K, committed 8512K, reserved 1048576K
}
Event: 32.577 GC heap after
{Heap after GC invocations=64 (full 5):
 PSYoungGen      total 11264K, used 0K [0x00000000eab00000, 0x00000000ebc80000, 0x0000000100000000)
  eden space 10752K, 0% used [0x00000000eab00000,0x00000000eab00000,0x00000000eb580000)
  from space 512K, 0% used [0x00000000eb680000,0x00000000eb680000,0x00000000eb700000)
  to   space 3584K, 0% used [0x00000000eb900000,0x00000000eb900000,0x00000000ebc80000)
 ParOldGen       total 117248K, used 88576K [0x00000000c0000000, 0x00000000c7280000, 0x00000000eab00000)
  object space 117248K, 75% used [0x00000000c0000000,0x00000000c5680380,0x00000000c7280000)
 Metaspace       used 66715K, committed 67712K, reserved 1114112K
  class space    used 8082K, committed 8512K, reserved 1048576K
}
Event: 32.883 GC heap before
{Heap before GC invocations=65 (full 5):
 PSYoungGen      total 11264K, used 10752K [0x00000000eab00000, 0x00000000ebc80000, 0x0000000100000000)
  eden space 10752K, 100% used [0x00000000eab00000,0x00000000eb580000,0x00000000eb580000)
  from space 512K, 0% used [0x00000000eb680000,0x00000000eb680000,0x00000000eb700000)
  to   space 3584K, 0% used [0x00000000eb900000,0x00000000eb900000,0x00000000ebc80000)
 ParOldGen       total 117248K, used 88576K [0x00000000c0000000, 0x00000000c7280000, 0x00000000eab00000)
  object space 117248K, 75% used [0x00000000c0000000,0x00000000c5680380,0x00000000c7280000)
 Metaspace       used 66715K, committed 67712K, reserved 1114112K
  class space    used 8082K, committed 8512K, reserved 1048576K
}
Event: 32.886 GC heap after
{Heap after GC invocations=65 (full 5):
 PSYoungGen      total 13312K, used 2357K [0x00000000eab00000, 0x00000000ebb80000, 0x0000000100000000)
  eden space 10752K, 0% used [0x00000000eab00000,0x00000000eab00000,0x00000000eb580000)
  from space 2560K, 92% used [0x00000000eb900000,0x00000000ebb4d740,0x00000000ebb80000)
  to   space 2560K, 0% used [0x00000000eb680000,0x00000000eb680000,0x00000000eb900000)
 ParOldGen       total 117248K, used 88576K [0x00000000c0000000, 0x00000000c7280000, 0x00000000eab00000)
  object space 117248K, 75% used [0x00000000c0000000,0x00000000c5680380,0x00000000c7280000)
 Metaspace       used 66715K, committed 67712K, reserved 1114112K
  class space    used 8082K, committed 8512K, reserved 1048576K
}
Event: 33.119 GC heap before
{Heap before GC invocations=66 (full 5):
 PSYoungGen      total 13312K, used 13109K [0x00000000eab00000, 0x00000000ebb80000, 0x0000000100000000)
  eden space 10752K, 100% used [0x00000000eab00000,0x00000000eb580000,0x00000000eb580000)
  from space 2560K, 92% used [0x00000000eb900000,0x00000000ebb4d740,0x00000000ebb80000)
  to   space 2560K, 0% used [0x00000000eb680000,0x00000000eb680000,0x00000000eb900000)
 ParOldGen       total 117248K, used 88576K [0x00000000c0000000, 0x00000000c7280000, 0x00000000eab00000)
  object space 117248K, 75% used [0x00000000c0000000,0x00000000c5680380,0x00000000c7280000)
 Metaspace       used 66715K, committed 67712K, reserved 1114112K
  class space    used 8082K, committed 8512K, reserved 1048576K
}
Event: 33.123 GC heap after
{Heap after GC invocations=66 (full 5):
 PSYoungGen      total 13312K, used 2528K [0x00000000eab00000, 0x00000000ebf80000, 0x0000000100000000)
  eden space 10752K, 0% used [0x00000000eab00000,0x00000000eab00000,0x00000000eb580000)
  from space 2560K, 98% used [0x00000000eb680000,0x00000000eb8f8048,0x00000000eb900000)
  to   space 5120K, 0% used [0x00000000eba80000,0x00000000eba80000,0x00000000ebf80000)
 ParOldGen       total 117248K, used 90492K [0x00000000c0000000, 0x00000000c7280000, 0x00000000eab00000)
  object space 117248K, 77% used [0x00000000c0000000,0x00000000c585f378,0x00000000c7280000)
 Metaspace       used 66715K, committed 67712K, reserved 1114112K
  class space    used 8082K, committed 8512K, reserved 1048576K
}
Event: 33.341 GC heap before
{Heap before GC invocations=67 (full 5):
 PSYoungGen      total 13312K, used 13280K [0x00000000eab00000, 0x00000000ebf80000, 0x0000000100000000)
  eden space 10752K, 100% used [0x00000000eab00000,0x00000000eb580000,0x00000000eb580000)
  from space 2560K, 98% used [0x00000000eb680000,0x00000000eb8f8048,0x00000000eb900000)
  to   space 5120K, 0% used [0x00000000eba80000,0x00000000eba80000,0x00000000ebf80000)
 ParOldGen       total 117248K, used 90492K [0x00000000c0000000, 0x00000000c7280000, 0x00000000eab00000)
  object space 117248K, 77% used [0x00000000c0000000,0x00000000c585f378,0x00000000c7280000)
 Metaspace       used 66715K, committed 67712K, reserved 1114112K
  class space    used 8082K, committed 8512K, reserved 1048576K
}
Event: 33.347 GC heap after
{Heap after GC invocations=67 (full 5):
 PSYoungGen      total 14848K, used 3768K [0x00000000eab00000, 0x00000000ebe80000, 0x0000000100000000)
  eden space 10752K, 0% used [0x00000000eab00000,0x00000000eab00000,0x00000000eb580000)
  from space 4096K, 92% used [0x00000000eba80000,0x00000000ebe2e258,0x00000000ebe80000)
  to   space 4096K, 0% used [0x00000000eb680000,0x00000000eb680000,0x00000000eba80000)
 ParOldGen       total 117248K, used 91808K [0x00000000c0000000, 0x00000000c7280000, 0x00000000eab00000)
  object space 117248K, 78% used [0x00000000c0000000,0x00000000c59a8220,0x00000000c7280000)
 Metaspace       used 66715K, committed 67712K, reserved 1114112K
  class space    used 8082K, committed 8512K, reserved 1048576K
}
Event: 34.068 GC heap before
{Heap before GC invocations=68 (full 5):
 PSYoungGen      total 14848K, used 14520K [0x00000000eab00000, 0x00000000ebe80000, 0x0000000100000000)
  eden space 10752K, 100% used [0x00000000eab00000,0x00000000eb580000,0x00000000eb580000)
  from space 4096K, 92% used [0x00000000eba80000,0x00000000ebe2e258,0x00000000ebe80000)
  to   space 4096K, 0% used [0x00000000eb680000,0x00000000eb680000,0x00000000eba80000)
 ParOldGen       total 117248K, used 91808K [0x00000000c0000000, 0x00000000c7280000, 0x00000000eab00000)
  object space 117248K, 78% used [0x00000000c0000000,0x00000000c59a8220,0x00000000c7280000)
 Metaspace       used 66758K, committed 67776K, reserved 1114112K
  class space    used 8082K, committed 8512K, reserved 1048576K
}
Event: 34.076 GC heap after
{Heap after GC invocations=68 (full 5):
 PSYoungGen      total 14848K, used 4085K [0x00000000eab00000, 0x00000000ec180000, 0x0000000100000000)
  eden space 10752K, 0% used [0x00000000eab00000,0x00000000eab00000,0x00000000eb580000)
  from space 4096K, 99% used [0x00000000eb680000,0x00000000eba7d5e8,0x00000000eba80000)
  to   space 6144K, 0% used [0x00000000ebb80000,0x00000000ebb80000,0x00000000ec180000)
 ParOldGen       total 117248K, used 93408K [0x00000000c0000000, 0x00000000c7280000, 0x00000000eab00000)
  object space 117248K, 79% used [0x00000000c0000000,0x00000000c5b38090,0x00000000c7280000)
 Metaspace       used 66758K, committed 67776K, reserved 1114112K
  class space    used 8082K, committed 8512K, reserved 1048576K
}
Event: 34.288 GC heap before
{Heap before GC invocations=69 (full 5):
 PSYoungGen      total 14848K, used 14837K [0x00000000eab00000, 0x00000000ec180000, 0x0000000100000000)
  eden space 10752K, 100% used [0x00000000eab00000,0x00000000eb580000,0x00000000eb580000)
  from space 4096K, 99% used [0x00000000eb680000,0x00000000eba7d5e8,0x00000000eba80000)
  to   space 6144K, 0% used [0x00000000ebb80000,0x00000000ebb80000,0x00000000ec180000)
 ParOldGen       total 117248K, used 93408K [0x00000000c0000000, 0x00000000c7280000, 0x00000000eab00000)
  object space 117248K, 79% used [0x00000000c0000000,0x00000000c5b38090,0x00000000c7280000)
 Metaspace       used 66759K, committed 67776K, reserved 1114112K
  class space    used 8082K, committed 8512K, reserved 1048576K
}
Event: 34.293 GC heap after
{Heap after GC invocations=69 (full 5):
 PSYoungGen      total 15360K, used 4127K [0x00000000eab00000, 0x00000000ec000000, 0x0000000100000000)
  eden space 10752K, 0% used [0x00000000eab00000,0x00000000eab00000,0x00000000eb580000)
  from space 4608K, 89% used [0x00000000ebb80000,0x00000000ebf87c10,0x00000000ec000000)
  to   space 5120K, 0% used [0x00000000eb600000,0x00000000eb600000,0x00000000ebb00000)
 ParOldGen       total 117248K, used 95926K [0x00000000c0000000, 0x00000000c7280000, 0x00000000eab00000)
  object space 117248K, 81% used [0x00000000c0000000,0x00000000c5dadb70,0x00000000c7280000)
 Metaspace       used 66759K, committed 67776K, reserved 1114112K
  class space    used 8082K, committed 8512K, reserved 1048576K
}
Event: 35.168 GC heap before
{Heap before GC invocations=70 (full 5):
 PSYoungGen      total 15360K, used 14879K [0x00000000eab00000, 0x00000000ec000000, 0x0000000100000000)
  eden space 10752K, 100% used [0x00000000eab00000,0x00000000eb580000,0x00000000eb580000)
  from space 4608K, 89% used [0x00000000ebb80000,0x00000000ebf87c10,0x00000000ec000000)
  to   space 5120K, 0% used [0x00000000eb600000,0x00000000eb600000,0x00000000ebb00000)
 ParOldGen       total 117248K, used 95926K [0x00000000c0000000, 0x00000000c7280000, 0x00000000eab00000)
  object space 117248K, 81% used [0x00000000c0000000,0x00000000c5dadb70,0x00000000c7280000)
 Metaspace       used 66761K, committed 67840K, reserved 1114112K
  class space    used 8082K, committed 8512K, reserved 1048576K
}
Event: 35.175 GC heap after
{Heap after GC invocations=70 (full 5):
 PSYoungGen      total 15872K, used 5118K [0x00000000eab00000, 0x00000000ec380000, 0x0000000100000000)
  eden space 10752K, 0% used [0x00000000eab00000,0x00000000eab00000,0x00000000eb580000)
  from space 5120K, 99% used [0x00000000eb600000,0x00000000ebaffb60,0x00000000ebb00000)
  to   space 7168K, 0% used [0x00000000ebc80000,0x00000000ebc80000,0x00000000ec380000)
 ParOldGen       total 117248K, used 97314K [0x00000000c0000000, 0x00000000c7280000, 0x00000000eab00000)
  object space 117248K, 82% used [0x00000000c0000000,0x00000000c5f08b40,0x00000000c7280000)
 Metaspace       used 66761K, committed 67840K, reserved 1114112K
  class space    used 8082K, committed 8512K, reserved 1048576K
}

